common.view_seed 0 0
common.enable_cheats 0 0
rsg.obtain_obsidian 631202 366474
rsg.enter_nether 642172 376674
rsg.enter_bastion 649554 382460
common.leave_world 771477 497777
common.rejoin_world 788242 497777
rsg.obtain_lava_bucket 969967 678421
rsg.loot_bastion 1478917 1032219
common.leave_world 1803322 1345669
common.rejoin_world 18308292 1345669
rsg.enter_fortress 18534278 1566180
common.leave_world 21177981 3522895
common.rejoin_world 21402395 3522895
common.rejoin_world 21493098 3547196
common.rejoin_world 21795328 3556248
common.leave_world 22886472 4015999
common.rejoin_world 85025126 4015999
common.leave_world 86174681 4951213
common.rejoin_world 86191786 4951213
common.leave_world 87909293 6342062
common.rejoin_world 88085172 6342062
common.rejoin_world 88338448 6462208
common.leave_world 88507194 6614013
common.rejoin_world 88510218 6614013
common.leave_world 88512598 6614755
common.rejoin_world 112094384 6614755
rsg.obtain_crying_obsidian 113057171 7214609
common.rejoin_world 166949626 7981609
common.leave_world 167588234 8304264
common.rejoin_world 168117925 8304264
common.multiplayer 168154289 8336116
common.leave_world 168980226 168980226
common.rejoin_world 168982371 168982371
common.rejoin_world 173254014 173254014
common.leave_world 174467642 174467642
common.rejoin_world 174469811 174469811
common.leave_world 175425394 175425394
common.rejoin_world 185709178 185709178
common.leave_world 186038167 186038167
common.rejoin_world 186285249 186285249
common.leave_world 191539247 191539247
common.rejoin_world 191541181 191541181
common.leave_world 192015047 192015047
common.rejoin_world 201489350 201489350
common.leave_world 201752269 201752269
common.rejoin_world 249040860 249040860
common.leave_world 250949551 250949551
common.rejoin_world 275375438 275375438
common.leave_world 275868749 275868749
common.rejoin_world 345037842 345037842
common.leave_world 346064453 346064453
common.rejoin_world 346141998 346141998
common.leave_world 348290736 348290736
common.rejoin_world 361032639 361032639
common.leave_world 362066738 362066738
common.rejoin_world 362251841 362251841
common.leave_world 362302137 362302137
common.rejoin_world 419047267 419047267
common.leave_world 419538754 419538754
common.rejoin_world 419702895 419702895
common.leave_world 420633279 420633279
common.rejoin_world 420913823 420913823
common.leave_world 422108964 422108964
common.rejoin_world 422354744 422354744
common.leave_world 424974687 424974687
common.rejoin_world 425120403 425120403
common.leave_world 425145532 425145532
common.rejoin_world 425149000 425149000
common.leave_world 425157719 425157719
common.rejoin_world 1057465148 1057465148
common.leave_world 1057746603 1057746603
common.rejoin_world 1057755209 1057755209
common.leave_world 1058657716 1058657717
common.rejoin_world 1058665775 1058665775
common.leave_world 1060220493 1060220493
common.rejoin_world 1060237144 1060237144
common.leave_world 1060984716 1060984716
common.rejoin_world 1060989830 1060989830
common.leave_world 1061473663 1061473663
common.rejoin_world 1061474880 1061474880
common.leave_world 1062047033 1062047033
common.rejoin_world 1108031265 1108031265
common.leave_world 1108780609 1108780609
common.rejoin_world 1139399386 1139399386
common.leave_world 1139677669 1139677669
common.rejoin_world 1291715183 1291715183
common.leave_world 1292168893 1292168893
common.rejoin_world 1295426646 1295426646
common.leave_world 1295450016 1295450016
common.rejoin_world 1319336999 1319336999
common.leave_world 1319872288 1319872288
common.rejoin_world 1382107664 1382107664
common.leave_world 1382361294 1382361294
common.rejoin_world 1467412109 1467412109
common.leave_world 1467527078 1467527078
common.rejoin_world 1469473384 1469473384
common.leave_world 1469650083 1469650083
common.rejoin_world 1470438307 1470438307
common.leave_world 1470603367 1470603367
common.rejoin_world 1477748131 1477748131
common.leave_world 1478989965 1478989965
common.rejoin_world 1481659295 1481659295
common.leave_world 1481700688 1481700688
common.rejoin_world 1556032658 1556032658
common.leave_world 1556356063 1556356063
common.rejoin_world 1564945181 1564945181
common.leave_world 1566609657 1566609657
common.rejoin_world 1571091380 1571091380
common.leave_world 1571230182 1571230182
common.rejoin_world 1573796470 1573796470
common.leave_world 1573921394 1573921394
common.rejoin_world 1576304885 1576304885
common.leave_world 1576483601 1576483601
common.rejoin_world 1666213023 1666213023
common.leave_world 1668014907 1668014907
common.rejoin_world 1920048733 1920048733
common.leave_world 1920630733 1920630733
common.rejoin_world 2141512153 2141512153
common.leave_world 2142140412 2142140412
common.rejoin_world 2262835121 2262835121
common.leave_world 2263003899 2263003899
common.rejoin_world 2504266406 2504266406
common.leave_world 2504553128 2504553128
common.rejoin_world 2696250128 2696250128
common.leave_world 2696548118 2696548118
common.rejoin_world 3194517659 3194517659
common.leave_world 3194990861 3194990861
common.rejoin_world 3208674709 3208674709
rsg.enter_stronghold 3208890458 3208890458
common.rejoin_world 3211003534 3211003534
common.leave_world 3211338534 3211338534
common.rejoin_world 3795492248 3795492248
common.leave_world 3795689887 3795689887
common.rejoin_world 3797426514 3797426514
common.leave_world 3797615340 3797615340
common.rejoin_world 3817363741 3817363741
common.leave_world 3817418218 3817418218
common.rejoin_world 4053959469 4053959469
common.leave_world 4054329088 4054329088
common.rejoin_world 4076789904 4076789904
common.leave_world 4077156787 4077156787
common.rejoin_world 4077888612 4077888612
common.leave_world 4078029349 4078029349
common.rejoin_world 4250224903 4250224903
common.leave_world 4250642761 4250642761
common.rejoin_world 4343687647 4343687647
common.leave_world 4343938685 4343938685
common.rejoin_world 4400969014 4400969014
common.leave_world 4401301476 4401301476
common.rejoin_world 4430842194 4430842194
common.leave_world 4431076229 4431076229
common.rejoin_world 4487752037 4487752037
common.leave_world 4487893748 4487893748
common.rejoin_world 4487902652 4487902652
common.leave_world 4487910978 4487910978
common.rejoin_world 4487927776 4487927776
common.leave_world 4489629773 4489629773
common.rejoin_world 4489645612 4489645612
common.leave_world 4490023337 4490023337
common.rejoin_world 4490037515 4490037515
common.leave_world 4490101919 4490101919
common.rejoin_world 4490942220 4490942220
common.leave_world 4491013167 4491013167
common.rejoin_world 4612242783 4612242783
common.leave_world 4612813669 4612813669
