No   IGT            Start RTA      End RTA        Length     Retime?    Reason / Notice
1    00:34.174      00:34.175      00:34.780      0.605      0.605      Paused by player, Unpause by player
2    00:46.874      00:47.493      01:44.682      57.189     57.189     Paused by player, Unpause by player
3    00:59.424      01:57.231      02:26.232      29.001     29.001     Paused by player, Unpause by player
4    01:04.274      02:31.080      02:36.170      5.090      5.090      Paused by player, Unpause by player
5    01:05.424      02:37.277      03:00.848      23.571     23.571     Paused by player, Unpause by player
6    01:20.274      03:15.685      03:29.177      13.492     13.492     Paused by player, Unpause by player
7    01:49.724      03:58.618      04:25.129      26.511     26.511     Paused by player, Unpause by player
8    01:50.674      04:26.060      04:39.486      13.426     13.426     Paused by player, Unpause by player
9    01:51.874      04:40.639      04:41.453      0.814      0.814      Paused by player, Unpause by player
10   02:04.024      04:53.595      04:54.418      0.823      0.823      Paused by player, Unpause by player
11   02:04.624      04:54.985      05:19.802      24.817     24.817     Paused by player, Unpause by player
12   02:49.274      06:04.449      06:15.322      10.873     10.873     Paused by player, Unpause by player
13   03:05.374      06:31.410      06:32.359      0.949      0.949      Paused by player, Unpause by player
14   03:05.774      06:32.743      06:34.888      2.145      2.145      Paused by player, Unpause by player
15   03:14.974      06:44.082      06:48.811      4.729      4.729      Paused by player, Unpause by player
16   03:28.774      07:02.574      07:03.799      1.225      1.225      Paused by player, Unpause by player
17   04:44.874      08:19.933      08:20.271      0.338      0.338      Paused by player, Unpause by player
18   05:30.324      09:05.720      09:37.411      31.691     31.691     Paused by player, Unpause by player
19   05:48.224      09:55.270      10:12.371      17.101     17.101     Paused by player, Unpause by player
20   06:02.624      10:26.729      10:27.385      0.656      0.656      Paused by player, Unpause by player
21   06:16.674      10:41.401      10:42.170      0.769                 Paused by changed dimension, Unpause by rendered
22   06:16.807      10:42.325      10:43.823      1.498                 Paused by player, Unpause by player / prob. world load pause
23   06:18.707      10:45.707      10:46.002      0.295                 Paused by changed dimension, Unpause by changed look direction
24   06:20.459      10:47.503      10:47.604      0.101                 Paused by changed dimension, Unpause by changed look direction
25   06:30.710      10:57.762      10:58.455      0.693      0.693      Paused by player, Unpause by player
26   06:32.010      10:59.756      11:00.027      0.271                 Paused by changed dimension, Unpause by changed look direction
27   06:33.611      11:01.403      11:01.528      0.125                 Paused by changed dimension, Unpause by changed look direction
28   06:36.412      11:04.216      11:04.985      0.769      0.769      Paused by player, Unpause by player
29   07:40.762      12:09.353      12:09.654      0.301                 Paused by changed dimension, Unpause by changed look direction
30   07:42.563      12:11.200      12:11.326      0.126                 Paused by changed dimension, Unpause by rendered
31   07:53.127      12:21.895      12:24.704      2.809      2.809      Paused by player, Unpause by player
32   08:00.827      12:32.387      12:34.548      2.161      2.161      Paused by player, Unpause by player
1    08:17.777      12:51.477      13:09.294      17.817                Paused by leave the world, Unpause by rendered
2    13:05.421      17:56.969      17:57.130      0.161                 Paused by changed dimension, Unpause by changed look direction
3    13:11.572      18:03.153      19:03.791      60.638     60.638     Paused by player, Unpause by player
4    13:16.322      19:08.533      19:08.981      0.448      0.448      Paused by player, Unpause by player
5    13:18.222      19:10.873      19:12.340      1.467      1.467      Paused by player, Unpause by player
6    13:18.522      19:12.614      19:13.681      1.067      1.067      Paused by player, Unpause by player
7    13:30.172      19:25.287      19:28.793      3.506      3.506      Paused by player, Unpause by player
8    13:44.222      19:42.796      19:50.943      8.147      8.147      Paused by player, Unpause by player
9    13:47.322      19:54.000      20:37.618      43.618     43.618     Paused by player, Unpause by player
10   13:48.722      20:39.015      20:43.638      4.623      4.623      Paused by player, Unpause by player
11   13:49.322      20:44.209      20:44.431      0.222      0.222      Paused by player, Unpause by player
12   13:49.522      20:44.615      20:57.985      13.370     13.370     Paused by player, Unpause by player
13   13:50.022      20:58.485      20:58.645      0.160      0.160      Paused by player, Unpause by player
14   14:06.922      21:15.505      21:27.845      12.340     12.340     Paused by player, Unpause by player
15   14:13.072      21:33.962      21:35.122      1.160      1.160      Paused by player, Unpause by player
16   14:30.472      21:52.478      21:53.184      0.706      0.706      Paused by player, Unpause by player
17   14:32.872      21:55.586      21:58.276      2.690      2.690      Paused by player, Unpause by player
18   14:35.672      22:01.062      22:02.145      1.083                 Paused by player, Unpause by player / changed option
19   14:58.972      22:25.467      22:25.653      0.186                 Paused by changed dimension, Unpause by rendered
20   18:09.419      25:36.096      25:36.819      0.723      0.723      Paused by player, Unpause by player
21   19:23.469      26:50.859      26:55.682      4.823      4.823      Paused by player, Unpause by player
22   19:35.969      27:08.160      27:08.923      0.763      0.763      Paused by player, Unpause by player
23   21:11.419      28:44.343      28:46.072      1.729      1.729      Paused by player, Unpause by player
24   22:23.919      29:58.562      30:00.767      2.205      2.205      Paused by player, Unpause by player
0    22:25.669      30:02.505      5:05:11.385    16508.880             Paused by player, Unpause by rendered
1    22:33.080      5:05:18.756    5:05:20.449    1.693      1.693      Paused by player, Unpause by player
2    22:43.630      5:05:30.981    5:05:31.217    0.236      0.236      Paused by player, Unpause by player
3    25:53.630      5:08:41.215    5:08:41.700    0.485      0.485      Paused by player, Unpause by player
4    28:59.380      5:11:47.459    5:11:56.107    8.648      8.648      Paused by player, Unpause by player
5    34:41.630      5:17:38.370    5:17:38.716    0.346      0.346      Paused by player, Unpause by player
6    34:42.280      5:17:39.364    5:19:02.392    83.028     83.028     Paused by player, Unpause by player
7    34:45.430      5:19:05.527    5:19:05.903    0.376                 Paused by changed dimension, Unpause by changed look direction
8    37:42.037      5:22:02.176    5:22:02.369    0.193                 Paused by changed dimension, Unpause by rendered
9    37:54.627      5:22:14.978    5:22:15.057    0.079                 Paused by changed dimension, Unpause by changed look direction
10   40:33.160      5:24:53.526    5:24:53.581    0.055                 Paused by changed dimension, Unpause by changed look direction
11   40:48.561      5:25:08.975    5:25:09.264    0.289                 Paused by changed dimension, Unpause by changed look direction
12   41:22.062      5:25:42.525    5:25:42.581    0.056                 Paused by changed dimension, Unpause by moved mouse
13   41:33.339      5:25:53.878    5:25:54.134    0.256                 Paused by changed dimension, Unpause by changed look direction
14   42:14.490      5:26:35.076    5:26:35.127    0.051                 Paused by changed dimension, Unpause by moved mouse
15   42:27.338      5:26:47.947    5:26:48.417    0.470      0.470      Paused by player, Unpause by player
16   42:39.088      5:27:00.175    5:27:00.436    0.261                 Paused by changed dimension, Unpause by moved player
17   44:28.738      5:28:49.828    5:28:50.321    0.493      0.493      Paused by player, Unpause by player
18   44:29.238      5:28:50.778    5:28:51.180    0.402      0.402      Paused by player, Unpause by player
19   44:30.338      5:28:52.280    5:28:52.813    0.533      0.533      Paused by player, Unpause by player
20   44:30.538      5:28:53.024    5:29:07.944    14.920     14.920     Paused by player, Unpause by player
21   44:47.538      5:29:24.976    5:29:26.160    1.184      1.184      Paused by player, Unpause by player
22   44:56.688      5:29:35.276    5:29:41.315    6.039      6.039      Paused by player, Unpause by player
23   45:03.938      5:29:48.538    5:30:05.195    16.657     16.657     Paused by player, Unpause by player
24   45:25.388      5:30:26.611    5:30:35.163    8.552      8.552      Paused by player, Unpause by player
25   45:49.388      5:30:59.129    5:31:01.567    2.438      2.438      Paused by player, Unpause by player
26   45:53.588      5:31:05.744    5:31:11.458    5.714      5.714      Paused by player, Unpause by player
27   45:57.788      5:31:15.622    5:31:18.407    2.785      2.785      Paused by player, Unpause by player
28   45:59.238      5:31:19.837    5:36:08.058    288.221    288.221    Paused by player, Unpause by player
29   46:10.538      5:36:19.315    5:36:19.911    0.596      0.596      Paused by player, Unpause by player
30   46:11.238      5:36:20.572    5:36:21.152    0.580      0.580      Paused by player, Unpause by player
31   46:23.788      5:36:33.709    5:36:34.609    0.900      0.900      Paused by player, Unpause by player
32   46:23.838      5:36:34.622    5:36:34.902    0.280      0.280      Paused by player, Unpause by player
33   46:23.888      5:36:34.906    5:36:35.137    0.231      0.231      Paused by player, Unpause by player
34   46:23.938      5:36:35.140    5:36:35.447    0.307      0.307      Paused by player, Unpause by player
35   46:23.988      5:36:35.450    5:36:35.734    0.284      0.284      Paused by player, Unpause by player
36   46:24.038      5:36:35.739    5:36:36.023    0.284      0.284      Paused by player, Unpause by player
37   46:24.088      5:36:36.027    5:36:36.317    0.290      0.290      Paused by player, Unpause by player
38   46:24.138      5:36:36.321    5:36:36.580    0.259      0.259      Paused by player, Unpause by player
39   46:24.188      5:36:36.583    5:36:36.823    0.240      0.240      Paused by player, Unpause by player
40   46:24.238      5:36:36.827    5:36:37.130    0.303      0.303      Paused by player, Unpause by player
41   46:24.288      5:36:37.134    5:36:37.422    0.288      0.288      Paused by player, Unpause by player
42   46:24.338      5:36:37.426    5:36:37.664    0.238      0.238      Paused by player, Unpause by player
43   46:24.388      5:36:37.668    5:36:37.894    0.226      0.226      Paused by player, Unpause by player
44   46:24.438      5:36:37.901    5:36:38.115    0.214      0.214      Paused by player, Unpause by player
45   46:24.488      5:36:38.119    5:36:38.333    0.214      0.214      Paused by player, Unpause by player
46   46:24.538      5:36:38.336    5:36:38.566    0.230      0.230      Paused by player, Unpause by player
47   46:24.588      5:36:38.570    5:36:38.779    0.209      0.209      Paused by player, Unpause by player
48   46:24.638      5:36:38.784    5:36:39.414    0.630      0.630      Paused by player, Unpause by player
49   46:24.788      5:36:39.562    5:36:39.810    0.248      0.248      Paused by player, Unpause by player
50   46:33.688      5:36:48.675    5:36:51.188    2.513      2.513      Paused by player, Unpause by player
51   46:39.438      5:36:56.938    5:37:01.755    4.817      4.817      Paused by player, Unpause by player
52   46:40.488      5:37:02.786    5:37:05.151    2.365      2.365      Paused by player, Unpause by player
53   47:26.538      5:37:51.170    5:37:59.066    7.896      7.896      Paused by player, Unpause by player
54   47:34.888      5:38:07.384    5:38:12.917    5.533      5.533      Paused by player, Unpause by player
55   47:37.238      5:38:15.276    5:39:02.101    46.825     46.825     Paused by player, Unpause by player
56   47:46.438      5:39:11.264    5:39:16.152    4.888      4.888      Paused by player, Unpause by player
57   47:56.538      5:39:26.229    5:39:31.123    4.894      4.894      Paused by player, Unpause by player
58   48:15.038      5:39:49.604    5:39:54.280    4.676      4.676      Paused by player, Unpause by player
59   48:21.838      5:40:01.036    5:40:08.074    7.038      7.038      Paused by player, Unpause by player
60   48:58.838      5:40:45.040    5:40:47.092    2.052      2.052      Paused by player, Unpause by player
61   49:10.138      5:40:58.355    5:41:04.125    5.770      5.770      Paused by player, Unpause by player
62   49:19.088      5:41:13.067    5:41:15.336    2.269      2.269      Paused by player, Unpause by player
63   49:23.238      5:41:19.462    5:41:29.057    9.595      9.595      Paused by player, Unpause by player
64   49:34.588      5:41:40.389    5:41:43.050    2.661      2.661      Paused by player, Unpause by player
65   49:39.638      5:41:48.070    5:41:54.831    6.761      6.761      Paused by player, Unpause by player
66   49:56.188      5:42:11.339    5:42:13.167    1.828      1.828      Paused by player, Unpause by player
67   50:01.038      5:42:17.999    5:42:22.630    4.631      4.631      Paused by player, Unpause by player
68   50:16.038      5:42:37.630    5:42:39.513    1.883      1.883      Paused by player, Unpause by player
69   50:22.338      5:42:45.779    5:42:50.792    5.013      5.013      Paused by player, Unpause by player
70   50:33.738      5:43:02.148    5:43:04.237    2.089      2.089      Paused by player, Unpause by player
71   50:39.238      5:43:09.703    5:43:14.977    5.274      5.274      Paused by player, Unpause by player
72   51:20.588      5:43:56.316    5:43:59.056    2.740      2.740      Paused by player, Unpause by player
73   51:37.188      5:44:15.610    5:44:19.805    4.195      4.195      Paused by player, Unpause by player
74   51:45.688      5:44:28.264    5:44:35.106    6.842      6.842      Paused by player, Unpause by player
75   52:37.988      5:45:27.369    5:45:29.366    1.997      1.997      Paused by player, Unpause by player
76   52:44.638      5:45:35.984    5:45:44.173    8.189      8.189      Paused by player, Unpause by player
77   54:12.738      5:47:12.252    5:47:15.612    3.360      3.360      Paused by player, Unpause by player
78   54:23.938      5:47:26.783    5:47:30.383    3.600      3.600      Paused by player, Unpause by player
79   54:34.238      5:47:40.652    5:47:45.417    4.765      4.765      Paused by player, Unpause by player
80   54:42.938      5:47:54.069    5:48:00.251    6.182      6.182      Paused by player, Unpause by player
81   57:24.538      5:50:41.824    5:50:56.199    14.375     14.375     Paused by player, Unpause by player
82   57:36.438      5:51:08.096    5:51:50.555    42.459     42.459     Paused by player, Unpause by player
83   57:59.238      5:52:13.373    5:52:13.461    0.088                 Paused by changed dimension, Unpause by rendered
84   58:08.746      5:52:22.975    5:52:23.130    0.155                 Paused by changed dimension, Unpause by rendered
0    58:42.895      5:52:57.285    5:56:43.384    226.099               Paused by player, Unpause by changed look direction
0    59:07.196      5:57:07.533    5:58:16.281    68.748                Paused by player, Unpause by changed look direction
1    59:08.548      5:58:17.187    5:58:51.120    33.933     33.933     Paused by player, Unpause by player
2    59:11.648      5:58:54.201    5:59:05.535    11.334     11.334     Paused by player, Unpause by player
3    59:16.248      5:59:10.133    6:03:18.508    248.375               Paused by player, Unpause by changed look direction
4    59:32.049      6:03:33.858    6:03:34.552    0.694      0.694      Paused by player, Unpause by player
5    1:01:03.699    6:05:06.152    6:05:23.765    17.613     17.613     Paused by player, Unpause by player
6    1:01:06.899    6:05:26.953    6:05:27.740    0.787      0.787      Paused by player, Unpause by player
7    1:01:09.849    6:05:30.643    6:05:31.564    0.921      0.921      Paused by player, Unpause by player
8    1:01:16.199    6:05:37.898    6:06:09.748    31.850     31.850     Paused by player, Unpause by player
9    1:01:22.099    6:06:15.633    6:06:22.542    6.909      6.909      Paused by player, Unpause by player
10   1:01:23.649    6:06:24.067    6:06:25.555    1.488      1.488      Paused by player, Unpause by player
11   1:01:24.149    6:06:26.042    6:06:29.709    3.667      3.667      Paused by player, Unpause by player
12   1:02:00.399    6:07:05.928    6:07:13.309    7.381      7.381      Paused by player, Unpause by player
13   1:02:13.249    6:07:26.150    6:07:27.880    1.730      1.730      Paused by player, Unpause by player
14   1:02:18.049    6:07:32.642    6:07:34.916    2.274      2.274      Paused by player, Unpause by player
15   1:02:18.899    6:07:35.755    6:07:36.465    0.710      0.710      Paused by player, Unpause by player
16   1:02:19.149    6:07:36.691    6:07:39.620    2.929      2.929      Paused by player, Unpause by player
17   1:02:25.899    6:07:46.368    6:07:50.020    3.652      3.652      Paused by player, Unpause by player
18   1:02:26.599    6:07:50.717    6:07:52.448    1.731      1.731      Paused by player, Unpause by player
19   1:02:33.049    6:07:58.861    6:08:01.813    2.952      2.952      Paused by player, Unpause by player
20   1:02:50.449    6:08:19.176    6:08:51.231    32.055     32.055     Paused by player, Unpause by player
21   1:02:51.349    6:08:52.088    6:09:24.124    32.036     32.036     Paused by player, Unpause by player
22   1:02:52.499    6:09:25.245    6:09:57.160    31.915     31.915     Paused by player, Unpause by player
23   1:02:52.999    6:09:57.619    6:09:58.497    0.878      0.878      Paused by player, Unpause by player
24   1:02:53.499    6:09:58.977    6:10:11.353    12.376     12.376     Paused by player, Unpause by player
25   1:05:17.249    6:12:35.098    6:13:38.355    63.257     63.257     Paused by player, Unpause by player
26   1:06:06.799    6:14:27.917    6:19:38.568    310.651    310.651    Paused by player, Unpause by player
27   1:06:26.799    6:19:58.561    6:20:09.239    10.678     10.678     Paused by player, Unpause by player
28   1:06:30.699    6:20:13.103    6:20:17.176    4.073      4.073      Paused by player, Unpause by player
29   1:06:31.299    6:20:17.766    6:20:28.696    10.930     10.930     Paused by player, Unpause by player
30   1:06:32.199    6:20:29.558    6:20:30.365    0.807      0.807      Paused by player, Unpause by player
31   1:06:34.699    6:20:32.819    6:20:35.351    2.532      2.532      Paused by player, Unpause by player
32   1:06:36.499    6:20:37.124    6:20:37.941    0.817      0.817      Paused by player, Unpause by player
33   1:06:37.249    6:20:38.648    6:20:52.270    13.622     13.622     Paused by player, Unpause by player
34   1:06:40.749    6:20:55.758    6:21:10.132    14.374     14.374     Paused by player, Unpause by player
35   1:06:44.999    6:21:14.341    6:21:14.835    0.494      0.494      Paused by player, Unpause by player
0    1:06:55.999    6:21:25.807    23:37:10.585   62144.778             Paused by player, Unpause by rendered
1    1:06:56.563    23:37:11.182   23:37:11.438   0.256      0.256      Paused by player, Unpause by player
2    1:07:06.263    23:37:21.142   23:37:21.937   0.795      0.795      Paused by player, Unpause by player
3    1:07:06.563    23:37:22.243   23:37:23.905   1.662      1.662      Paused by player, Unpause by player
4    1:08:05.713    23:38:23.048   23:38:26.342   3.294      3.294      Paused by player, Unpause by player
5    1:09:21.263    23:39:41.887   23:39:45.193   3.306      3.306      Paused by player, Unpause by player
6    1:09:35.613    23:39:59.514   23:40:04.653   5.139      5.139      Paused by player, Unpause by player
7    1:09:45.263    23:40:14.288   23:40:20.748   6.460      6.460      Paused by player, Unpause by player
8    1:09:48.263    23:40:23.730   23:40:25.615   1.885      1.885      Paused by player, Unpause by player
9    1:09:50.963    23:40:28.315   23:40:34.194   5.879      5.879      Paused by player, Unpause by player
10   1:09:54.663    23:40:37.867   23:40:50.108   12.241     12.241     Paused by player, Unpause by player
11   1:09:56.513    23:40:51.936   23:40:56.818   4.882      4.882      Paused by player, Unpause by player
12   1:09:57.013    23:40:57.318   23:40:59.763   2.445      2.445      Paused by player, Unpause by player
13   1:10:00.213    23:41:02.916   23:41:03.850   0.934      0.934      Paused by player, Unpause by player
14   1:10:03.563    23:41:07.168   23:41:17.539   10.371     10.371     Paused by player, Unpause by player
15   1:10:08.963    23:41:22.940   23:41:25.143   2.203      2.203      Paused by player, Unpause by player
16   1:10:09.213    23:41:25.388   23:41:27.557   2.169      2.169      Paused by player, Unpause by player
17   1:10:10.263    23:41:28.586   23:41:30.994   2.408      2.408      Paused by player, Unpause by player
18   1:10:14.363    23:41:35.065   23:41:35.708   0.643      0.643      Paused by player, Unpause by player
19   1:10:14.663    23:41:35.983   23:41:36.812   0.829      0.829      Paused by player, Unpause by player
20   1:10:15.263    23:41:37.409   23:41:43.121   5.712      5.712      Paused by player, Unpause by player
21   1:10:15.613    23:41:43.459   23:41:45.493   2.034      2.034      Paused by player, Unpause by player
22   1:10:16.213    23:41:46.097   23:41:55.766   9.669      9.669      Paused by player, Unpause by player
23   1:10:17.213    23:41:56.747   23:41:57.294   0.547      0.547      Paused by player, Unpause by player
24   1:10:42.713    23:42:22.777   23:42:26.222   3.445      3.445      Paused by player, Unpause by player
25   1:11:09.163    23:42:52.659   23:42:54.413   1.754      1.754      Paused by player, Unpause by player
26   1:11:17.713    23:43:02.947   23:43:12.119   9.172      9.172      Paused by player, Unpause by player
27   1:11:37.063    23:43:31.427   23:43:32.103   0.676      0.676      Paused by player, Unpause by player
28   1:11:44.313    23:43:39.356   23:43:40.508   1.152      1.152      Paused by player, Unpause by player
29   1:12:02.763    23:43:58.938   23:44:11.796   12.858     12.858     Paused by player, Unpause by player
30   1:12:31.763    23:44:40.771   23:44:51.864   11.093     11.093     Paused by player, Unpause by player
31   1:12:51.163    23:45:11.244   23:45:16.727   5.483      5.483      Paused by player, Unpause by player
32   1:13:06.013    23:45:31.577   23:45:36.174   4.597      4.597      Paused by player, Unpause by player
33   1:13:12.663    23:45:42.778   23:45:48.040   5.262      5.262      Paused by player, Unpause by player
34   1:13:22.013    23:45:57.380   23:46:04.867   7.487      7.487      Paused by player, Unpause by player
35   1:13:41.513    23:46:24.320   23:46:29.682   5.362      5.362      Paused by player, Unpause by player
36   1:13:57.813    23:46:45.974   23:46:47.569   1.595      1.595      Paused by player, Unpause by player
37   1:14:01.213    23:46:50.969   23:46:51.923   0.954      0.954      Paused by player, Unpause by player
38   1:14:11.613    23:47:02.319   23:47:08.264   5.945      5.945      Paused by player, Unpause by player
39   1:14:17.063    23:47:13.714   23:47:19.312   5.598      5.598      Paused by player, Unpause by player
40   1:14:24.913    23:47:27.113   23:47:27.781   0.668      0.668      Paused by player, Unpause by player
41   1:16:17.263    23:49:20.117   23:49:21.510   1.393      1.393      Paused by player, Unpause by player
42   1:17:01.863    23:50:06.100   23:50:06.905   0.805      0.805      Paused by player, Unpause by player
43   1:17:52.163    23:50:57.193   23:50:57.598   0.405      0.405      Paused by player, Unpause by player
44   1:18:34.613    23:51:40.029   23:51:45.776   5.747      5.747      Paused by player, Unpause by player
45   1:18:35.113    23:51:46.260   23:51:49.559   3.299      3.299      Paused by player, Unpause by player
46   1:18:35.813    23:51:50.244   23:51:55.214   4.970      4.970      Paused by player, Unpause by player
47   1:18:36.813    23:51:56.184   23:51:58.746   2.562      2.562      Paused by player, Unpause by player
48   1:18:37.563    23:51:59.450   23:52:01.971   2.521      2.521      Paused by player, Unpause by player
49   1:18:38.163    23:52:02.559   23:52:06.578   4.019      4.019      Paused by player, Unpause by player
50   1:18:38.963    23:52:07.346   23:52:09.944   2.598      2.598      Paused by player, Unpause by player
51   1:18:39.613    23:52:10.567   23:52:12.958   2.391      2.391      Paused by player, Unpause by player
52   1:18:40.163    23:52:13.486   23:52:16.993   3.507      3.507      Paused by player, Unpause by player
53   1:18:55.563    23:52:32.366   23:52:35.110   2.744      2.744      Paused by player, Unpause by player
54   1:18:56.463    23:52:35.989   23:52:36.509   0.520      0.520      Paused by player, Unpause by player
55   1:18:56.863    23:52:36.869   23:52:40.346   3.477      3.477      Paused by player, Unpause by player
1    1:22:31.213    23:56:14.681   23:56:32.835   18.154                Paused by leave the world, Unpause by rendered
2    1:27:35.112    24:01:36.725   24:01:38.582   1.857      1.857      Paused by player, Unpause by player
3    1:27:52.112    24:01:55.567   24:02:01.061   5.494      5.494      Paused by player, Unpause by player
4    1:28:02.512    24:02:11.456   24:02:13.323   1.867      1.867      Paused by player, Unpause by player
5    1:28:04.862    24:02:15.651   24:02:20.857   5.206      5.206      Paused by player, Unpause by player
6    1:28:16.762    24:02:32.726   24:02:36.093   3.367      3.367      Paused by player, Unpause by player
7    1:28:19.562    24:02:38.849   24:02:44.536   5.687      5.687      Paused by player, Unpause by player
8    1:28:23.162    24:02:48.105   24:02:51.246   3.141      3.141      Paused by player, Unpause by player
9    1:28:24.962    24:02:53.025   24:02:56.741   3.716      3.716      Paused by player, Unpause by player
10   1:35:25.162    24:09:56.906   24:10:17.241   20.335     20.335     Paused by player, Unpause by player
11   1:38:03.112    24:12:55.165   24:12:58.073   2.908      2.908      Paused by player, Unpause by player
12   1:38:17.012    24:13:11.940   24:13:13.616   1.676      1.676      Paused by player, Unpause by player
13   1:38:17.512    24:13:14.107   24:13:14.893   0.786      0.786      Paused by player, Unpause by player
14   1:38:18.262    24:13:15.597   24:13:21.585   5.988      5.988      Paused by player, Unpause by player
15   1:39:17.812    24:14:21.104   24:14:22.307   1.203      1.203      Paused by player, Unpause by player
16   1:39:23.512    24:14:27.975   24:14:28.869   0.894      0.894      Paused by player, Unpause by player
17   1:39:28.612    24:14:33.939   24:14:36.430   2.491      2.491      Paused by player, Unpause by player
18   1:39:28.862    24:14:36.660   24:14:40.477   3.817      3.817      Paused by player, Unpause by player
19   1:39:30.962    24:14:42.538   24:14:43.633   1.095      1.095      Paused by player, Unpause by player
20   1:39:35.862    24:14:48.501   24:14:49.850   1.349      1.349      Paused by player, Unpause by player
21   1:39:36.512    24:14:50.465   24:14:51.786   1.321      1.321      Paused by player, Unpause by player
22   1:39:36.862    24:14:52.132   24:14:55.582   3.450      3.450      Paused by player, Unpause by player
23   1:39:37.062    24:14:55.798   24:14:56.018   0.220      0.220      Paused by player, Unpause by player
24   1:39:41.112    24:15:00.048   24:15:00.602   0.554      0.554      Paused by player, Unpause by player
25   1:39:41.612    24:15:01.076   24:15:01.832   0.756      0.756      Paused by player, Unpause by player
26   1:39:50.812    24:15:10.999   24:15:14.954   3.955      3.955      Paused by player, Unpause by player
27   1:40:05.562    24:15:29.672   24:15:31.063   1.391      1.391      Paused by player, Unpause by player
28   1:40:16.612    24:15:42.088   24:15:43.383   1.295      1.295      Paused by player, Unpause by player
29   1:40:17.062    24:15:43.814   24:15:52.214   8.400      8.400      Paused by player, Unpause by player
30   1:40:18.912    24:15:54.046   24:15:54.455   0.409      0.409      Paused by player, Unpause by player
31   1:40:19.562    24:15:55.082   24:15:56.071   0.989      0.989      Paused by player, Unpause by player
32   1:40:35.562    24:16:12.059   24:16:13.289   1.230      1.230      Paused by player, Unpause by player
33   1:40:49.712    24:16:27.400   24:16:28.087   0.687      0.687      Paused by player, Unpause by player
34   1:41:56.362    24:17:34.708   24:17:36.251   1.543      1.543      Paused by player, Unpause by player
35   1:41:56.912    24:17:36.780   24:17:38.670   1.890      1.890      Paused by player, Unpause by player
36   1:41:59.112    24:17:40.854   24:17:41.497   0.643      0.643      Paused by player, Unpause by player
37   1:42:00.112    24:17:42.489   24:18:07.188   24.699     24.699     Paused by player, Unpause by player
38   1:42:08.512    24:18:15.582   24:18:39.812   24.230     24.230     Paused by player, Unpause by player
39   1:42:32.212    24:19:03.477   24:19:04.913   1.436      1.436      Paused by player, Unpause by player
40   1:42:32.512    24:19:05.190   24:19:07.203   2.013      2.013      Paused by player, Unpause by player
41   1:42:34.262    24:19:08.916   24:19:10.694   1.778      1.778      Paused by player, Unpause by player
42   1:42:35.862    24:19:12.282   24:19:35.376   23.094     23.094     Paused by player, Unpause by player
43   1:43:02.562    24:20:02.066   24:20:02.635   0.569      0.569      Paused by player, Unpause by player
44   1:43:05.612    24:20:05.661   24:20:09.492   3.831      3.831      Paused by player, Unpause by player
45   1:43:34.212    24:20:38.084   24:20:38.975   0.891      0.891      Paused by player, Unpause by player
46   1:43:35.462    24:20:40.177   24:20:44.060   3.883      3.883      Paused by player, Unpause by player
47   1:43:36.162    24:20:44.731   24:20:46.564   1.833      1.833      Paused by player, Unpause by player
48   1:43:38.562    24:20:48.950   24:20:52.959   4.009      4.009      Paused by player, Unpause by player
49   1:43:47.862    24:21:02.238   24:21:03.657   1.419      1.419      Paused by player, Unpause by player
50   1:43:48.712    24:21:04.468   24:21:05.354   0.886      0.886      Paused by player, Unpause by player
51   1:43:49.212    24:21:05.827   24:21:07.889   2.062      2.062      Paused by player, Unpause by player
52   1:43:53.662    24:21:12.299   24:21:18.771   6.472      6.472      Paused by player, Unpause by player
53   1:43:54.462    24:21:19.560   24:21:21.632   2.072      2.072      Paused by player, Unpause by player
54   1:43:55.112    24:21:22.250   24:21:26.256   4.006      4.006      Paused by player, Unpause by player
55   1:44:25.262    24:21:56.372   24:22:13.482   17.110     17.110     Paused by player, Unpause by player
56   1:44:31.712    24:22:19.949   24:23:08.199   48.250     48.250     Paused by player, Unpause by player
57   1:44:41.762    24:23:18.202   24:23:24.258   6.056      6.056      Paused by player, Unpause by player
58   1:44:44.662    24:23:27.154   24:23:53.620   26.466     26.466     Paused by player, Unpause by player
59   1:44:45.612    24:23:54.552   24:24:02.204   7.652      7.652      Paused by player, Unpause by player
60   1:44:46.212    24:24:02.787   24:24:04.109   1.322      1.322      Paused by player, Unpause by player
61   1:44:47.262    24:24:05.120   24:24:13.922   8.802      8.802      Paused by player, Unpause by player
0    1:45:42.062    24:25:08.701   24:28:06.119   177.418               Paused by player, Unpause by rendered
1    1:45:53.758    24:28:17.845   24:28:33.039   15.194     15.194     Paused by player, Unpause by player
2    1:46:00.608    24:28:39.883   24:28:43.086   3.203      3.203      Paused by player, Unpause by player
3    1:46:17.258    24:28:59.749   24:29:12.038   12.289     12.289     Paused by player, Unpause by player
4    1:46:22.258    24:29:16.993   24:29:19.066   2.073      2.073      Paused by player, Unpause by player
5    1:46:22.808    24:29:19.598   24:29:22.121   2.523      2.523      Paused by player, Unpause by player
6    1:46:34.158    24:29:33.429   24:29:36.872   3.443      3.443      Paused by player, Unpause by player
7    1:46:37.658    24:29:40.337   24:29:54.221   13.884     13.884     Paused by player, Unpause by player
8    1:47:24.958    24:30:41.503   24:30:43.782   2.279      2.279      Paused by player, Unpause by player
9    1:47:25.508    24:30:44.335   24:30:45.646   1.311      1.311      Paused by player, Unpause by player
10   1:47:26.408    24:30:46.534   24:30:50.105   3.571      3.571      Paused by player, Unpause by player
11   1:47:41.908    24:31:05.573   24:31:07.075   1.502      1.502      Paused by player, Unpause by player
0    1:47:42.208    24:31:07.344   24:32:21.999   74.655                Paused by player, Unpause by rendered
1    1:47:45.813    24:32:25.539   24:32:26.356   0.817      0.817      Paused by player, Unpause by player
2    1:47:53.163    24:32:33.689   24:32:35.537   1.848      1.848      Paused by player, Unpause by player
3    1:48:06.763    24:32:49.118   24:32:53.367   4.249      4.249      Paused by player, Unpause by player
4    1:48:07.163    24:32:53.749   24:32:55.413   1.664      1.664      Paused by player, Unpause by player
5    1:48:09.213    24:32:57.433   24:32:58.355   0.922      0.922      Paused by player, Unpause by player
6    1:48:09.463    24:32:58.603   24:32:59.651   1.048      1.048      Paused by player, Unpause by player
7    1:48:11.463    24:33:01.651   24:33:03.175   1.524      1.524      Paused by player, Unpause by player
8    1:48:13.663    24:33:05.353   24:33:06.021   0.668      0.668      Paused by player, Unpause by player
0    1:50:14.013    24:35:06.369   24:35:11.190   4.821                 Paused by player, Unpause by rendered
0    1:50:14.755    24:35:11.923   31:08:18.017   23586.094             Paused by player, Unpause by changed look direction
1    1:51:35.309    31:09:38.146   31:10:54.505   76.359     76.359     Paused by player, Unpause by player
2    1:52:02.309    31:11:21.479   31:11:23.102   1.623      1.623      Paused by player, Unpause by player
3    1:52:03.009    31:11:23.793   31:11:36.067   12.274     12.274     Paused by player, Unpause by player
4    1:52:03.509    31:11:36.537   31:11:48.517   11.980     11.980     Paused by player, Unpause by player
5    1:54:13.459    31:13:58.454   31:13:59.371   0.917      0.917      Paused by player, Unpause by player
6    1:54:13.809    31:13:59.691   31:14:05.330   5.639      5.639      Paused by player, Unpause by player
7    1:54:15.909    31:14:07.409   31:14:08.392   0.983      0.983      Paused by player, Unpause by player
8    1:54:16.809    31:14:09.292   31:14:10.561   1.269      1.269      Paused by player, Unpause by player
9    1:55:38.959    31:15:32.690   31:15:35.919   3.229      3.229      Paused by player, Unpause by player
10   1:55:39.459    31:15:36.373   31:15:38.475   2.102      2.102      Paused by player, Unpause by player
11   1:55:39.859    31:15:38.877   31:15:43.420   4.543      4.543      Paused by player, Unpause by player
12   1:55:40.459    31:15:43.975   31:16:04.846   20.871     20.871     Paused by player, Unpause by player
13   1:55:41.309    31:16:05.686   31:16:08.513   2.827      2.827      Paused by player, Unpause by player
14   1:55:41.859    31:16:09.024   31:16:12.091   3.067      3.067      Paused by player, Unpause by player
15   1:55:42.309    31:16:12.535   31:16:15.036   2.501      2.501      Paused by player, Unpause by player
16   1:55:42.759    31:16:15.478   31:16:18.777   3.299      3.299      Paused by player, Unpause by player
17   1:55:43.259    31:16:19.273   31:16:21.662   2.389      2.389      Paused by player, Unpause by player
18   1:55:43.859    31:16:22.222   31:16:26.643   4.421      4.421      Paused by player, Unpause by player
19   1:55:47.709    31:16:30.483   31:17:06.345   35.862     35.862     Paused by player, Unpause by player
20   1:55:51.659    31:17:10.271   31:17:25.232   14.961     14.961     Paused by player, Unpause by player
21   1:55:53.159    31:17:26.697   31:17:31.262   4.565      4.565      Paused by player, Unpause by player
22   1:55:54.759    31:17:32.864   31:17:45.095   12.231     12.231     Paused by player, Unpause by player
23   1:55:56.109    31:17:46.417   31:17:55.661   9.244      9.244      Paused by player, Unpause by player
24   1:55:57.709    31:17:57.237   31:18:08.199   10.962     10.962     Paused by player, Unpause by player
25   1:55:58.559    31:18:09.012   31:18:15.018   6.006      6.006      Paused by player, Unpause by player
26   1:55:59.309    31:18:15.727   31:18:20.502   4.775      4.775      Paused by player, Unpause by player
27   1:57:04.559    31:19:25.734   31:19:26.829   1.095      1.095      Paused by player, Unpause by player
28   1:57:05.259    31:19:27.515   31:19:28.055   0.540      0.540      Paused by player, Unpause by player
29   1:57:05.859    31:19:28.653   31:19:29.340   0.687      0.687      Paused by player, Unpause by player
30   1:57:06.259    31:19:29.702   31:19:41.726   12.024     12.024     Paused by player, Unpause by player
31   1:57:23.359    31:19:58.812   31:19:59.845   1.033      1.033      Paused by player, Unpause by player
32   1:57:24.159    31:20:00.599   31:20:02.095   1.496      1.496      Paused by player, Unpause by player
33   1:57:29.059    31:20:06.951   31:20:09.211   2.260      2.260      Paused by player, Unpause by player
34   1:57:32.259    31:20:12.409   31:20:17.468   5.059      5.059      Paused by player, Unpause by player
35   1:57:47.459    31:20:32.657   31:20:39.604   6.947      6.947      Paused by player, Unpause by player
36   1:57:59.959    31:20:52.090   31:20:53.578   1.488      1.488      Paused by player, Unpause by player
37   1:58:13.759    31:21:07.373   31:21:08.589   1.216      1.216      Paused by player, Unpause by player
38   1:58:14.059    31:21:08.872   31:21:09.789   0.917      0.917      Paused by player, Unpause by player
39   1:58:14.959    31:21:10.655   31:21:17.779   7.124      7.124      Paused by player, Unpause by player
40   1:58:27.959    31:21:30.770   31:21:31.540   0.770      0.770      Paused by player, Unpause by player
41   1:58:28.259    31:21:31.812   31:21:32.565   0.753      0.753      Paused by player, Unpause by player
42   1:58:29.059    31:21:33.334   31:21:39.203   5.869      5.869      Paused by player, Unpause by player
43   1:58:48.909    31:21:59.049   31:21:59.630   0.581      0.581      Paused by player, Unpause by player
44   1:58:50.309    31:22:00.999   31:22:06.797   5.798      5.798      Paused by player, Unpause by player
45   1:58:50.809    31:22:07.270   31:22:08.025   0.755      0.755      Paused by player, Unpause by player
46   1:58:51.859    31:22:09.043   31:22:14.668   5.625      5.625      Paused by player, Unpause by player
47   1:59:05.359    31:22:28.161   31:22:29.931   1.770      1.770      Paused by player, Unpause by player
48   1:59:19.709    31:22:44.256   31:22:46.986   2.730      2.730      Paused by player, Unpause by player
49   1:59:27.959    31:22:55.228   31:22:55.829   0.601      0.601      Paused by player, Unpause by player
50   1:59:33.859    31:23:01.722   31:23:03.859   2.137      2.137      Paused by player, Unpause by player
51   1:59:34.659    31:23:04.623   31:23:04.910   0.287      0.287      Paused by player, Unpause by player
52   1:59:34.909    31:23:05.169   31:23:06.161   0.992      0.992      Paused by player, Unpause by player
53   2:00:02.159    31:23:33.385   31:23:37.451   4.066      4.066      Paused by player, Unpause by player
54   2:00:02.909    31:23:38.158   31:23:43.843   5.685      5.685      Paused by player, Unpause by player
55   2:00:04.609    31:23:45.549   31:23:56.602   11.053     11.053     Paused by player, Unpause by player
56   2:00:05.209    31:23:57.174   31:23:58.081   0.907      0.907      Paused by player, Unpause by player
57   2:00:05.609    31:23:58.445   31:23:59.465   1.020      1.020      Paused by player, Unpause by player
58   2:00:06.459    31:24:00.308   31:24:01.645   1.337      1.337      Paused by player, Unpause by player
59   2:00:07.109    31:24:02.255   31:24:03.213   0.958      0.958      Paused by player, Unpause by player
60   2:00:07.559    31:24:03.663   31:24:04.571   0.908      0.908      Paused by player, Unpause by player
61   2:00:08.059    31:24:05.066   31:24:05.841   0.775      0.775      Paused by player, Unpause by player
62   2:00:08.559    31:24:06.312   31:24:07.576   1.264      1.264      Paused by player, Unpause by player
63   2:00:08.959    31:24:07.931   31:24:09.287   1.356      1.356      Paused by player, Unpause by player
64   2:00:09.509    31:24:09.836   31:24:10.414   0.578      0.578      Paused by player, Unpause by player
65   2:00:09.959    31:24:10.833   31:24:11.727   0.894      0.894      Paused by player, Unpause by player
66   2:00:10.359    31:24:12.109   31:24:12.893   0.784      0.784      Paused by player, Unpause by player
67   2:00:23.859    31:24:26.384   31:24:26.695   0.311      0.311      Paused by player, Unpause by player
68   2:00:35.459    31:24:38.304   31:24:38.712   0.408      0.408      Paused by player, Unpause by player
69   2:00:41.759    31:24:44.988   31:24:46.140   1.152      1.152      Paused by player, Unpause by player
70   2:01:20.859    31:25:25.217   31:25:25.521   0.304      0.304      Paused by player, Unpause by player
71   2:01:27.059    31:25:31.734   31:25:31.974   0.240      0.240      Paused by player, Unpause by player
72   2:01:30.159    31:25:35.092   31:25:36.119   1.027      1.027      Paused by player, Unpause by player
73   2:01:30.359    31:25:36.305   31:25:37.248   0.943      0.943      Paused by player, Unpause by player
74   2:01:30.609    31:25:37.476   31:25:37.738   0.262      0.262      Paused by player, Unpause by player
75   2:01:54.659    31:26:01.785   31:26:04.147   2.362      2.362      Paused by player, Unpause by player
76   2:01:56.259    31:26:05.733   31:26:07.268   1.535      1.535      Paused by player, Unpause by player
77   2:01:57.659    31:26:08.668   31:26:10.139   1.471      1.471      Paused by player, Unpause by player
78   2:01:58.359    31:26:10.816   31:26:11.820   1.004      1.004      Paused by player, Unpause by player
79   2:02:01.959    31:26:15.392   31:26:16.291   0.899      0.899      Paused by player, Unpause by player
80   2:02:06.809    31:26:21.117   31:26:38.165   17.048     17.048     Paused by player, Unpause by player
81   2:02:18.309    31:26:49.682   31:26:50.648   0.966      0.966      Paused by player, Unpause by player
82   2:02:19.659    31:26:51.989   31:26:53.869   1.880      1.880      Paused by player, Unpause by player
